{"contracts\\ExceptionMessages.sol":{"l":{},"path":"C:\\Users\\Adelakun john\\Desktop\\Projects\\alchemy\\toju\\backend\\contracts\\ExceptionMessages.sol","s":{},"b":{},"f":{},"fnMap":{},"statementMap":{},"branchMap":{}},"contracts\\ProjectDynamicContent.sol":{"l":{},"path":"C:\\Users\\Adelakun john\\Desktop\\Projects\\alchemy\\toju\\backend\\contracts\\ProjectDynamicContent.sol","s":{},"b":{},"f":{},"fnMap":{},"statementMap":{},"branchMap":{}},"contracts\\ProjectMilestone.sol":{"l":{},"path":"C:\\Users\\Adelakun john\\Desktop\\Projects\\alchemy\\toju\\backend\\contracts\\ProjectMilestone.sol","s":{},"b":{},"f":{},"fnMap":{},"statementMap":{},"branchMap":{}},"contracts\\ProjectPojo.sol":{"l":{},"path":"C:\\Users\\Adelakun john\\Desktop\\Projects\\alchemy\\toju\\backend\\contracts\\ProjectPojo.sol","s":{},"b":{},"f":{},"fnMap":{},"statementMap":{},"branchMap":{}},"contracts\\ProjectStaticContent.sol":{"l":{},"path":"C:\\Users\\Adelakun john\\Desktop\\Projects\\alchemy\\toju\\backend\\contracts\\ProjectStaticContent.sol","s":{},"b":{},"f":{},"fnMap":{},"statementMap":{},"branchMap":{}},"contracts\\Toju.sol":{"l":{"50":15,"54":35,"55":35,"59":35,"64":33,"65":0,"67":33,"69":13,"70":1,"72":12,"73":1,"79":11,"80":11,"82":20,"83":1,"85":19,"92":1,"94":18,"95":1,"100":17,"101":17,"103":17,"104":17,"106":17,"107":17,"109":17,"110":17,"111":17,"113":28,"119":2,"120":2,"123":2,"125":2,"137":4,"143":17,"144":17,"147":17,"148":0,"150":17,"151":1,"153":16,"154":1,"158":15,"159":15,"160":1,"162":14,"163":0,"166":14,"167":14,"168":1,"170":13,"171":39,"172":39,"173":1,"175":38,"176":38,"177":38,"178":38,"187":12,"188":1,"190":11,"191":0,"196":11,"208":11,"213":11,"214":11,"222":24,"224":24,"225":2,"227":22,"230":22,"231":1,"233":21,"235":21,"236":21,"240":1,"242":20,"243":2,"245":18,"246":0,"248":18,"249":1,"252":17,"253":1,"255":16,"256":16,"257":16,"258":16,"259":16,"261":16,"263":16,"264":3,"268":16,"269":16,"270":16,"273":16,"280":3,"285":12,"286":12,"289":12,"290":4,"294":8,"302":1,"306":7,"307":7,"308":7,"311":7,"313":7,"314":7,"318":7,"321":5,"322":5,"323":10,"324":10,"327":10,"330":10,"332":10,"333":10,"338":7,"339":7,"341":7,"345":10,"346":10,"349":10,"350":3,"352":7,"359":1,"362":6,"363":6,"364":2,"368":4,"370":4,"378":2,"380":2,"381":2,"382":2,"385":2,"386":2,"387":2,"390":4,"395":9,"396":9,"397":9,"400":9,"403":9,"404":3,"407":6,"411":2,"418":1,"421":1,"426":1,"427":1,"428":2,"429":2,"432":2,"433":2,"437":1,"440":4,"442":4,"450":92,"456":90,"463":66,"469":2,"476":21,"477":21,"485":16,"492":38,"496":26,"497":26,"498":0},"path":"C:\\Users\\Adelakun john\\Desktop\\Projects\\alchemy\\toju\\backend\\contracts\\Toju.sol","s":{"1":35,"2":35,"3":35,"4":33,"5":33,"6":13,"7":12,"8":11,"9":20,"10":19,"11":18,"12":17,"13":17,"14":17,"15":17,"16":28,"17":2,"18":2,"19":2,"20":17,"21":17,"22":16,"23":15,"24":15,"25":14,"26":14,"27":14,"28":13,"29":39,"30":39,"31":38,"32":38,"33":38,"34":12,"35":11,"36":11,"37":11,"38":11,"39":24,"40":24,"41":22,"42":22,"43":21,"44":21,"45":21,"46":20,"47":18,"48":18,"49":17,"50":16,"51":16,"52":16,"53":16,"54":16,"55":16,"56":3,"57":12,"58":12,"59":12,"60":8,"61":7,"62":7,"63":7,"64":7,"65":7,"66":5,"67":5,"68":10,"69":10,"70":10,"71":10,"72":10,"73":7,"74":7,"75":7,"76":10,"77":10,"78":10,"79":7,"80":6,"81":6,"82":4,"83":2,"84":2,"85":2,"86":2,"87":2,"88":2,"89":2,"90":4,"91":9,"92":9,"93":9,"94":6,"95":3,"96":2,"97":1,"98":1,"99":1,"100":2,"101":2,"102":2,"103":4,"104":21,"105":38,"106":26,"107":26},"b":{"1":[0,33],"2":[13,20],"3":[1,12],"4":[1,11],"5":[1,19],"6":[1,18],"7":[1,17],"8":[17,0],"9":[0,17],"10":[1,16],"11":[1,15],"12":[1,14],"13":[0,14],"14":[1,13],"15":[1,38],"16":[1,11],"17":[0,11],"18":[2,22],"19":[1,21],"20":[1,20],"21":[2,18],"22":[0,18],"23":[1,17],"24":[1,16],"25":[16,0],"26":[3,13],"27":[3,13],"28":[4,8],"29":[1,7],"30":[5,2],"31":[7,0],"32":[3,7],"33":[1,6],"34":[2,4],"35":[2,2],"36":[3,6],"37":[3,3],"38":[2,1],"39":[1,1],"40":[0,26]},"f":{"1":15,"2":35,"3":2,"4":4,"5":17,"6":24,"7":12,"8":10,"9":9,"10":92,"11":90,"12":66,"13":2,"14":21,"15":16,"16":38,"17":26},"fnMap":{"1":{"name":"constructor","line":49,"loc":{"start":{"line":49,"column":4},"end":{"line":51,"column":4}}},"2":{"name":"onPayment","line":53,"loc":{"start":{"line":53,"column":4},"end":{"line":114,"column":4}}},"3":{"name":"queryProjectProto","line":116,"loc":{"start":{"line":116,"column":4},"end":{"line":131,"column":4}}},"4":{"name":"queryPurchase","line":133,"loc":{"start":{"line":133,"column":4},"end":{"line":138,"column":4}}},"5":{"name":"declareProject","line":140,"loc":{"start":{"line":140,"column":4},"end":{"line":215,"column":4}}},"6":{"name":"finishMilestone","line":217,"loc":{"start":{"line":217,"column":4},"end":{"line":282,"column":4}}},"7":{"name":"finishProject","line":284,"loc":{"start":{"line":284,"column":4},"end":{"line":342,"column":4}}},"8":{"name":"refund","line":344,"loc":{"start":{"line":344,"column":4},"end":{"line":391,"column":4}}},"9":{"name":"cancelProject","line":393,"loc":{"start":{"line":393,"column":4},"end":{"line":443,"column":4}}},"10":{"name":"getStaticContent","line":447,"loc":{"start":{"line":447,"column":4},"end":{"line":451,"column":4}}},"11":{"name":"getDynamicContent","line":453,"loc":{"start":{"line":453,"column":4},"end":{"line":457,"column":4}}},"12":{"name":"updateDynamicContent","line":459,"loc":{"start":{"line":459,"column":4},"end":{"line":464,"column":4}}},"13":{"name":"getMilestones","line":466,"loc":{"start":{"line":466,"column":4},"end":{"line":470,"column":4}}},"14":{"name":"getMilestone","line":472,"loc":{"start":{"line":472,"column":4},"end":{"line":478,"column":4}}},"15":{"name":"updateMilestone","line":480,"loc":{"start":{"line":480,"column":4},"end":{"line":486,"column":4}}},"16":{"name":"addMilestone","line":488,"loc":{"start":{"line":488,"column":4},"end":{"line":493,"column":4}}},"17":{"name":"transferTokenTo","line":495,"loc":{"start":{"line":495,"column":4},"end":{"line":500,"column":4}}}},"statementMap":{"1":{"start":{"line":54,"column":8},"end":{"line":54,"column":79}},"2":{"start":{"line":55,"column":8},"end":{"line":55,"column":1984}},"3":{"start":{"line":59,"column":8},"end":{"line":59,"column":2160}},"4":{"start":{"line":64,"column":8},"end":{"line":64,"column":2292}},"5":{"start":{"line":67,"column":8},"end":{"line":67,"column":2384}},"6":{"start":{"line":69,"column":12},"end":{"line":69,"column":2477}},"7":{"start":{"line":72,"column":12},"end":{"line":72,"column":2610}},"8":{"start":{"line":80,"column":12},"end":{"line":80,"column":56}},"9":{"start":{"line":82,"column":12},"end":{"line":82,"column":3066}},"10":{"start":{"line":85,"column":12},"end":{"line":85,"column":3199}},"11":{"start":{"line":94,"column":12},"end":{"line":94,"column":3500}},"12":{"start":{"line":103,"column":12},"end":{"line":103,"column":75}},"13":{"start":{"line":104,"column":12},"end":{"line":104,"column":3998}},"14":{"start":{"line":107,"column":16},"end":{"line":107,"column":56}},"15":{"start":{"line":111,"column":12},"end":{"line":111,"column":63}},"16":{"start":{"line":113,"column":8},"end":{"line":113,"column":54}},"17":{"start":{"line":119,"column":8},"end":{"line":119,"column":79}},"18":{"start":{"line":120,"column":8},"end":{"line":120,"column":4624}},"19":{"start":{"line":123,"column":8},"end":{"line":123,"column":71}},"20":{"start":{"line":147,"column":8},"end":{"line":147,"column":5395}},"21":{"start":{"line":150,"column":8},"end":{"line":150,"column":5523}},"22":{"start":{"line":153,"column":8},"end":{"line":153,"column":5631}},"23":{"start":{"line":158,"column":8},"end":{"line":158,"column":59}},"24":{"start":{"line":159,"column":8},"end":{"line":159,"column":5840}},"25":{"start":{"line":162,"column":8},"end":{"line":162,"column":5978}},"26":{"start":{"line":166,"column":8},"end":{"line":166,"column":33}},"27":{"start":{"line":167,"column":8},"end":{"line":167,"column":6160}},"28":{"start":{"line":170,"column":8},"end":{"line":170,"column":6287}},"29":{"start":{"line":171,"column":12},"end":{"line":171,"column":46}},"30":{"start":{"line":172,"column":12},"end":{"line":172,"column":6400}},"31":{"start":{"line":176,"column":12},"end":{"line":176,"column":65}},"32":{"start":{"line":177,"column":12},"end":{"line":177,"column":77}},"33":{"start":{"line":178,"column":12},"end":{"line":178,"column":6696}},"34":{"start":{"line":187,"column":8},"end":{"line":187,"column":6941}},"35":{"start":{"line":190,"column":8},"end":{"line":190,"column":7070}},"36":{"start":{"line":208,"column":8},"end":{"line":208,"column":7713}},"37":{"start":{"line":213,"column":8},"end":{"line":213,"column":73}},"38":{"start":{"line":214,"column":8},"end":{"line":214,"column":24}},"39":{"start":{"line":222,"column":8},"end":{"line":222,"column":79}},"40":{"start":{"line":224,"column":8},"end":{"line":224,"column":8269}},"41":{"start":{"line":227,"column":8},"end":{"line":227,"column":8389}},"42":{"start":{"line":230,"column":8},"end":{"line":230,"column":8497}},"43":{"start":{"line":233,"column":8},"end":{"line":233,"column":67}},"44":{"start":{"line":235,"column":8},"end":{"line":235,"column":45}},"45":{"start":{"line":236,"column":8},"end":{"line":236,"column":8775}},"46":{"start":{"line":242,"column":8},"end":{"line":242,"column":8978}},"47":{"start":{"line":245,"column":8},"end":{"line":245,"column":9111}},"48":{"start":{"line":248,"column":8},"end":{"line":248,"column":9231}},"49":{"start":{"line":252,"column":8},"end":{"line":252,"column":9427}},"50":{"start":{"line":259,"column":8},"end":{"line":259,"column":9744}},"51":{"start":{"line":263,"column":8},"end":{"line":263,"column":9931}},"52":{"start":{"line":268,"column":8},"end":{"line":268,"column":54}},"53":{"start":{"line":269,"column":8},"end":{"line":269,"column":44}},"54":{"start":{"line":270,"column":8},"end":{"line":270,"column":46}},"55":{"start":{"line":273,"column":8},"end":{"line":273,"column":10284}},"56":{"start":{"line":280,"column":12},"end":{"line":280,"column":35}},"57":{"start":{"line":285,"column":8},"end":{"line":285,"column":79}},"58":{"start":{"line":286,"column":8},"end":{"line":286,"column":10669}},"59":{"start":{"line":289,"column":8},"end":{"line":289,"column":10777}},"60":{"start":{"line":294,"column":8},"end":{"line":294,"column":11021}},"61":{"start":{"line":308,"column":8},"end":{"line":308,"column":54}},"62":{"start":{"line":311,"column":8},"end":{"line":311,"column":11676}},"63":{"start":{"line":313,"column":8},"end":{"line":313,"column":60}},"64":{"start":{"line":314,"column":8},"end":{"line":314,"column":11866}},"65":{"start":{"line":318,"column":8},"end":{"line":318,"column":11989}},"66":{"start":{"line":321,"column":12},"end":{"line":321,"column":69}},"67":{"start":{"line":322,"column":12},"end":{"line":322,"column":12250}},"68":{"start":{"line":323,"column":16},"end":{"line":323,"column":48}},"69":{"start":{"line":324,"column":16},"end":{"line":324,"column":12373}},"70":{"start":{"line":327,"column":16},"end":{"line":327,"column":12505}},"71":{"start":{"line":330,"column":16},"end":{"line":330,"column":12668}},"72":{"start":{"line":332,"column":16},"end":{"line":332,"column":51}},"73":{"start":{"line":338,"column":8},"end":{"line":338,"column":13003}},"74":{"start":{"line":339,"column":12},"end":{"line":339,"column":61}},"75":{"start":{"line":341,"column":8},"end":{"line":341,"column":37}},"76":{"start":{"line":345,"column":8},"end":{"line":345,"column":79}},"77":{"start":{"line":346,"column":8},"end":{"line":346,"column":13295}},"78":{"start":{"line":349,"column":8},"end":{"line":349,"column":13403}},"79":{"start":{"line":352,"column":8},"end":{"line":352,"column":13524}},"80":{"start":{"line":362,"column":8},"end":{"line":362,"column":71}},"81":{"start":{"line":363,"column":8},"end":{"line":363,"column":13870}},"82":{"start":{"line":370,"column":8},"end":{"line":370,"column":14160}},"83":{"start":{"line":378,"column":12},"end":{"line":378,"column":14446}},"84":{"start":{"line":380,"column":12},"end":{"line":380,"column":53}},"85":{"start":{"line":381,"column":12},"end":{"line":381,"column":64}},"86":{"start":{"line":382,"column":12},"end":{"line":382,"column":78}},"87":{"start":{"line":385,"column":12},"end":{"line":385,"column":74}},"88":{"start":{"line":386,"column":12},"end":{"line":386,"column":46}},"89":{"start":{"line":387,"column":12},"end":{"line":387,"column":57}},"90":{"start":{"line":390,"column":8},"end":{"line":390,"column":54}},"91":{"start":{"line":395,"column":8},"end":{"line":395,"column":79}},"92":{"start":{"line":397,"column":8},"end":{"line":397,"column":15322}},"93":{"start":{"line":403,"column":8},"end":{"line":403,"column":15536}},"94":{"start":{"line":407,"column":8},"end":{"line":407,"column":15680}},"95":{"start":{"line":409,"column":15},"end":{"line":409,"column":15769}},"96":{"start":{"line":411,"column":12},"end":{"line":411,"column":15861}},"97":{"start":{"line":421,"column":12},"end":{"line":421,"column":16181}},"98":{"start":{"line":426,"column":12},"end":{"line":426,"column":69}},"99":{"start":{"line":427,"column":12},"end":{"line":427,"column":16421}},"100":{"start":{"line":428,"column":16},"end":{"line":428,"column":48}},"101":{"start":{"line":429,"column":16},"end":{"line":429,"column":16544}},"102":{"start":{"line":433,"column":16},"end":{"line":433,"column":53}},"103":{"start":{"line":442,"column":8},"end":{"line":442,"column":37}},"104":{"start":{"line":477,"column":8},"end":{"line":477,"column":19}},"105":{"start":{"line":492,"column":8},"end":{"line":492,"column":49}},"106":{"start":{"line":496,"column":8},"end":{"line":496,"column":57}},"107":{"start":{"line":497,"column":8},"end":{"line":497,"column":18653}}},"branchMap":{"1":{"line":64,"type":"if","locations":[{"start":{"line":64,"column":8},"end":{"line":64,"column":8}},{"start":{"line":64,"column":8},"end":{"line":64,"column":8}}]},"2":{"line":67,"type":"if","locations":[{"start":{"line":67,"column":8},"end":{"line":67,"column":8}},{"start":{"line":67,"column":8},"end":{"line":67,"column":8}}]},"3":{"line":69,"type":"if","locations":[{"start":{"line":69,"column":12},"end":{"line":69,"column":12}},{"start":{"line":69,"column":12},"end":{"line":69,"column":12}}]},"4":{"line":72,"type":"if","locations":[{"start":{"line":72,"column":12},"end":{"line":72,"column":12}},{"start":{"line":72,"column":12},"end":{"line":72,"column":12}}]},"5":{"line":82,"type":"if","locations":[{"start":{"line":82,"column":12},"end":{"line":82,"column":12}},{"start":{"line":82,"column":12},"end":{"line":82,"column":12}}]},"6":{"line":85,"type":"if","locations":[{"start":{"line":85,"column":12},"end":{"line":85,"column":12}},{"start":{"line":85,"column":12},"end":{"line":85,"column":12}}]},"7":{"line":94,"type":"if","locations":[{"start":{"line":94,"column":12},"end":{"line":94,"column":12}},{"start":{"line":94,"column":12},"end":{"line":94,"column":12}}]},"8":{"line":104,"type":"if","locations":[{"start":{"line":104,"column":12},"end":{"line":104,"column":12}},{"start":{"line":104,"column":12},"end":{"line":104,"column":12}}]},"9":{"line":147,"type":"if","locations":[{"start":{"line":147,"column":8},"end":{"line":147,"column":8}},{"start":{"line":147,"column":8},"end":{"line":147,"column":8}}]},"10":{"line":150,"type":"if","locations":[{"start":{"line":150,"column":8},"end":{"line":150,"column":8}},{"start":{"line":150,"column":8},"end":{"line":150,"column":8}}]},"11":{"line":153,"type":"if","locations":[{"start":{"line":153,"column":8},"end":{"line":153,"column":8}},{"start":{"line":153,"column":8},"end":{"line":153,"column":8}}]},"12":{"line":159,"type":"if","locations":[{"start":{"line":159,"column":8},"end":{"line":159,"column":8}},{"start":{"line":159,"column":8},"end":{"line":159,"column":8}}]},"13":{"line":162,"type":"if","locations":[{"start":{"line":162,"column":8},"end":{"line":162,"column":8}},{"start":{"line":162,"column":8},"end":{"line":162,"column":8}}]},"14":{"line":167,"type":"if","locations":[{"start":{"line":167,"column":8},"end":{"line":167,"column":8}},{"start":{"line":167,"column":8},"end":{"line":167,"column":8}}]},"15":{"line":172,"type":"if","locations":[{"start":{"line":172,"column":12},"end":{"line":172,"column":12}},{"start":{"line":172,"column":12},"end":{"line":172,"column":12}}]},"16":{"line":187,"type":"if","locations":[{"start":{"line":187,"column":8},"end":{"line":187,"column":8}},{"start":{"line":187,"column":8},"end":{"line":187,"column":8}}]},"17":{"line":190,"type":"if","locations":[{"start":{"line":190,"column":8},"end":{"line":190,"column":8}},{"start":{"line":190,"column":8},"end":{"line":190,"column":8}}]},"18":{"line":224,"type":"if","locations":[{"start":{"line":224,"column":8},"end":{"line":224,"column":8}},{"start":{"line":224,"column":8},"end":{"line":224,"column":8}}]},"19":{"line":230,"type":"if","locations":[{"start":{"line":230,"column":8},"end":{"line":230,"column":8}},{"start":{"line":230,"column":8},"end":{"line":230,"column":8}}]},"20":{"line":236,"type":"if","locations":[{"start":{"line":236,"column":8},"end":{"line":236,"column":8}},{"start":{"line":236,"column":8},"end":{"line":236,"column":8}}]},"21":{"line":242,"type":"if","locations":[{"start":{"line":242,"column":8},"end":{"line":242,"column":8}},{"start":{"line":242,"column":8},"end":{"line":242,"column":8}}]},"22":{"line":245,"type":"if","locations":[{"start":{"line":245,"column":8},"end":{"line":245,"column":8}},{"start":{"line":245,"column":8},"end":{"line":245,"column":8}}]},"23":{"line":248,"type":"if","locations":[{"start":{"line":248,"column":8},"end":{"line":248,"column":8}},{"start":{"line":248,"column":8},"end":{"line":248,"column":8}}]},"24":{"line":252,"type":"if","locations":[{"start":{"line":252,"column":8},"end":{"line":252,"column":8}},{"start":{"line":252,"column":8},"end":{"line":252,"column":8}}]},"25":{"line":259,"type":"if","locations":[{"start":{"line":259,"column":8},"end":{"line":259,"column":8}},{"start":{"line":259,"column":8},"end":{"line":259,"column":8}}]},"26":{"line":263,"type":"if","locations":[{"start":{"line":263,"column":8},"end":{"line":263,"column":8}},{"start":{"line":263,"column":8},"end":{"line":263,"column":8}}]},"27":{"line":273,"type":"if","locations":[{"start":{"line":273,"column":8},"end":{"line":273,"column":8}},{"start":{"line":273,"column":8},"end":{"line":273,"column":8}}]},"28":{"line":289,"type":"if","locations":[{"start":{"line":289,"column":8},"end":{"line":289,"column":8}},{"start":{"line":289,"column":8},"end":{"line":289,"column":8}}]},"29":{"line":294,"type":"if","locations":[{"start":{"line":294,"column":8},"end":{"line":294,"column":8}},{"start":{"line":294,"column":8},"end":{"line":294,"column":8}}]},"30":{"line":318,"type":"if","locations":[{"start":{"line":318,"column":8},"end":{"line":318,"column":8}},{"start":{"line":318,"column":8},"end":{"line":318,"column":8}}]},"31":{"line":338,"type":"if","locations":[{"start":{"line":338,"column":8},"end":{"line":338,"column":8}},{"start":{"line":338,"column":8},"end":{"line":338,"column":8}}]},"32":{"line":349,"type":"if","locations":[{"start":{"line":349,"column":8},"end":{"line":349,"column":8}},{"start":{"line":349,"column":8},"end":{"line":349,"column":8}}]},"33":{"line":352,"type":"if","locations":[{"start":{"line":352,"column":8},"end":{"line":352,"column":8}},{"start":{"line":352,"column":8},"end":{"line":352,"column":8}}]},"34":{"line":363,"type":"if","locations":[{"start":{"line":363,"column":8},"end":{"line":363,"column":8}},{"start":{"line":363,"column":8},"end":{"line":363,"column":8}}]},"35":{"line":370,"type":"if","locations":[{"start":{"line":370,"column":8},"end":{"line":370,"column":8}},{"start":{"line":370,"column":8},"end":{"line":370,"column":8}}]},"36":{"line":403,"type":"if","locations":[{"start":{"line":403,"column":8},"end":{"line":403,"column":8}},{"start":{"line":403,"column":8},"end":{"line":403,"column":8}}]},"37":{"line":407,"type":"if","locations":[{"start":{"line":407,"column":8},"end":{"line":407,"column":8}},{"start":{"line":407,"column":8},"end":{"line":407,"column":8}}]},"38":{"line":409,"type":"if","locations":[{"start":{"line":409,"column":15},"end":{"line":409,"column":15}},{"start":{"line":409,"column":15},"end":{"line":409,"column":15}}]},"39":{"line":411,"type":"if","locations":[{"start":{"line":411,"column":12},"end":{"line":411,"column":12}},{"start":{"line":411,"column":12},"end":{"line":411,"column":12}}]},"40":{"line":497,"type":"if","locations":[{"start":{"line":497,"column":8},"end":{"line":497,"column":8}},{"start":{"line":497,"column":8},"end":{"line":497,"column":8}}]}}},"contracts\\TojuLibrary.sol":{"l":{"17":11,"29":11,"43":2,"45":2,"49":2,"51":2,"53":2,"54":2,"55":2,"67":2,"69":2,"70":2,"71":2,"98":11,"118":21,"130":4,"140":42,"153":45,"154":0,"156":45,"171":7,"172":0,"174":7,"190":2,"208":2,"209":1,"210":1,"212":1,"213":1,"220":0,"228":0,"230":1,"233":0,"234":0,"236":0,"237":0,"251":38,"265":18,"275":18},"path":"C:\\Users\\Adelakun john\\Desktop\\Projects\\alchemy\\toju\\backend\\contracts\\TojuLibrary.sol","s":{"1":11,"2":2,"3":2,"4":2,"5":4,"6":42,"7":45,"8":0,"9":45,"10":7,"11":0,"12":7,"13":2,"14":1,"15":1,"16":1,"17":0,"18":18,"19":18},"b":{"1":[0,45],"2":[3,3],"3":[0,7],"4":[3,0],"5":[1,1],"6":[1,0],"7":[0,1],"8":[0,1],"9":[0,0]},"f":{"1":11,"2":2,"3":2,"4":11,"5":21,"6":4,"7":42,"8":45,"9":7,"10":2,"11":38,"12":18,"13":18},"fnMap":{"1":{"name":"createDynamicContent","line":14,"loc":{"start":{"line":14,"column":4},"end":{"line":30,"column":4}}},"2":{"name":"partialRefund","line":38,"loc":{"start":{"line":38,"column":4},"end":{"line":56,"column":4}}},"3":{"name":"fullRefund","line":62,"loc":{"start":{"line":62,"column":4},"end":{"line":72,"column":4}}},"4":{"name":"createStaticContent","line":86,"loc":{"start":{"line":86,"column":4},"end":{"line":110,"column":4}}},"5":{"name":"getTotalStake","line":115,"loc":{"start":{"line":115,"column":4},"end":{"line":121,"column":4}}},"6":{"name":"isThresholdExpired","line":126,"loc":{"start":{"line":126,"column":4},"end":{"line":131,"column":4}}},"7":{"name":"isLastExpired","line":136,"loc":{"start":{"line":136,"column":4},"end":{"line":141,"column":4}}},"8":{"name":"checkIfReadyToFinish","line":148,"loc":{"start":{"line":148,"column":4},"end":{"line":159,"column":4}}},"9":{"name":"checkIfThresholdMet","line":166,"loc":{"start":{"line":166,"column":4},"end":{"line":177,"column":4}}},"10":{"name":"createPojo","line":184,"loc":{"start":{"line":184,"column":4},"end":{"line":239,"column":4}}},"11":{"name":"createProjectMilestone","line":246,"loc":{"start":{"line":246,"column":4},"end":{"line":257,"column":4}}},"12":{"name":"isFinished","line":262,"loc":{"start":{"line":262,"column":4},"end":{"line":266,"column":4}}},"13":{"name":"isExpired","line":271,"loc":{"start":{"line":271,"column":4},"end":{"line":276,"column":4}}}},"statementMap":{"1":{"start":{"line":29,"column":8},"end":{"line":29,"column":25}},"2":{"start":{"line":43,"column":8},"end":{"line":43,"column":62}},"3":{"start":{"line":55,"column":8},"end":{"line":55,"column":47}},"4":{"start":{"line":71,"column":8},"end":{"line":71,"column":21}},"5":{"start":{"line":130,"column":8},"end":{"line":130,"column":75}},"6":{"start":{"line":140,"column":8},"end":{"line":140,"column":70}},"7":{"start":{"line":153,"column":8},"end":{"line":153,"column":6345}},"8":{"start":{"line":154,"column":12},"end":{"line":154,"column":24}},"9":{"start":{"line":156,"column":8},"end":{"line":156,"column":6474}},"10":{"start":{"line":171,"column":8},"end":{"line":171,"column":7011}},"11":{"start":{"line":172,"column":12},"end":{"line":172,"column":24}},"12":{"start":{"line":174,"column":8},"end":{"line":174,"column":7145}},"13":{"start":{"line":208,"column":8},"end":{"line":208,"column":8593}},"14":{"start":{"line":211,"column":15},"end":{"line":211,"column":8717}},"15":{"start":{"line":213,"column":12},"end":{"line":213,"column":8809}},"16":{"start":{"line":221,"column":19},"end":{"line":221,"column":9070}},"17":{"start":{"line":232,"column":15},"end":{"line":232,"column":9391}},"18":{"start":{"line":265,"column":8},"end":{"line":265,"column":64}},"19":{"start":{"line":275,"column":8},"end":{"line":275,"column":62}}},"branchMap":{"1":{"line":153,"type":"if","locations":[{"start":{"line":153,"column":8},"end":{"line":153,"column":8}},{"start":{"line":153,"column":8},"end":{"line":153,"column":8}}]},"2":{"line":157,"type":"cond-expr","locations":[{"start":{"line":157,"column":12},"end":{"line":157,"column":47}},{"start":{"line":158,"column":12},"end":{"line":158,"column":55}}]},"3":{"line":171,"type":"if","locations":[{"start":{"line":171,"column":8},"end":{"line":171,"column":8}},{"start":{"line":171,"column":8},"end":{"line":171,"column":8}}]},"4":{"line":175,"type":"cond-expr","locations":[{"start":{"line":175,"column":12},"end":{"line":175,"column":50}},{"start":{"line":176,"column":12},"end":{"line":176,"column":60}}]},"5":{"line":208,"type":"if","locations":[{"start":{"line":208,"column":8},"end":{"line":208,"column":8}},{"start":{"line":208,"column":8},"end":{"line":208,"column":8}}]},"6":{"line":211,"type":"if","locations":[{"start":{"line":211,"column":15},"end":{"line":211,"column":15}},{"start":{"line":211,"column":15},"end":{"line":211,"column":15}}]},"7":{"line":213,"type":"if","locations":[{"start":{"line":213,"column":12},"end":{"line":213,"column":12}},{"start":{"line":213,"column":12},"end":{"line":213,"column":12}}]},"8":{"line":221,"type":"if","locations":[{"start":{"line":221,"column":19},"end":{"line":221,"column":19}},{"start":{"line":221,"column":19},"end":{"line":221,"column":19}}]},"9":{"line":232,"type":"if","locations":[{"start":{"line":232,"column":15},"end":{"line":232,"column":15}},{"start":{"line":232,"column":15},"end":{"line":232,"column":15}}]}}},"contracts\\TojuToken.sol":{"l":{"11":16,"15":70,"16":69,"17":68,"21":1,"24":1,"28":0},"path":"C:\\Users\\Adelakun john\\Desktop\\Projects\\alchemy\\toju\\backend\\contracts\\TojuToken.sol","s":{"1":70,"2":69,"3":68,"4":1,"5":1},"b":{"1":[69,1],"2":[68,1],"3":[1,1],"4":[1,0]},"f":{"1":16,"2":70,"3":1,"4":0},"fnMap":{"1":{"name":"constructor","line":10,"loc":{"start":{"line":10,"column":4},"end":{"line":12,"column":4}}},"2":{"name":"mint","line":14,"loc":{"start":{"line":14,"column":4},"end":{"line":18,"column":4}}},"3":{"name":"withdrawTokens","line":20,"loc":{"start":{"line":20,"column":4},"end":{"line":25,"column":4}}},"4":{"name":null,"line":31,"loc":{"start":{"line":31,"column":4},"end":{"line":33,"column":4}}}},"statementMap":{"1":{"start":{"line":15,"column":8},"end":{"line":15,"column":75}},"2":{"start":{"line":16,"column":8},"end":{"line":16,"column":74}},"3":{"start":{"line":17,"column":8},"end":{"line":17,"column":38}},"4":{"start":{"line":21,"column":8},"end":{"line":21,"column":686}},"5":{"start":{"line":24,"column":8},"end":{"line":24,"column":23}}},"branchMap":{"1":{"line":15,"type":"if","locations":[{"start":{"line":15,"column":8},"end":{"line":15,"column":8}},{"start":{"line":15,"column":8},"end":{"line":15,"column":8}}]},"2":{"line":16,"type":"if","locations":[{"start":{"line":16,"column":8},"end":{"line":16,"column":8}},{"start":{"line":16,"column":8},"end":{"line":16,"column":8}}]},"3":{"line":20,"type":"if","locations":[{"start":{"line":20,"column":39},"end":{"line":20,"column":39}},{"start":{"line":20,"column":39},"end":{"line":20,"column":39}}]},"4":{"line":24,"type":"if","locations":[{"start":{"line":24,"column":8},"end":{"line":24,"column":8}},{"start":{"line":24,"column":8},"end":{"line":24,"column":8}}]}}}}