TN:
SF:C:\Users\Adelakun john\Desktop\Projects\alchemy\toju\backend\contracts\ExceptionMessages.sol
FNF:0
FNH:0
LF:0
LH:0
BRF:0
BRH:0
end_of_record
TN:
SF:C:\Users\Adelakun john\Desktop\Projects\alchemy\toju\backend\contracts\ProjectDynamicContent.sol
FNF:0
FNH:0
LF:0
LH:0
BRF:0
BRH:0
end_of_record
TN:
SF:C:\Users\Adelakun john\Desktop\Projects\alchemy\toju\backend\contracts\ProjectMilestone.sol
FNF:0
FNH:0
LF:0
LH:0
BRF:0
BRH:0
end_of_record
TN:
SF:C:\Users\Adelakun john\Desktop\Projects\alchemy\toju\backend\contracts\ProjectPojo.sol
FNF:0
FNH:0
LF:0
LH:0
BRF:0
BRH:0
end_of_record
TN:
SF:C:\Users\Adelakun john\Desktop\Projects\alchemy\toju\backend\contracts\ProjectStaticContent.sol
FNF:0
FNH:0
LF:0
LH:0
BRF:0
BRH:0
end_of_record
TN:
SF:C:\Users\Adelakun john\Desktop\Projects\alchemy\toju\backend\contracts\Toju.sol
FN:49,constructor
FN:53,onPayment
FN:116,queryProjectProto
FN:133,queryPurchase
FN:140,declareProject
FN:217,finishMilestone
FN:284,finishProject
FN:344,refund
FN:393,cancelProject
FN:447,getStaticContent
FN:453,getDynamicContent
FN:459,updateDynamicContent
FN:466,getMilestones
FN:472,getMilestone
FN:480,updateMilestone
FN:488,addMilestone
FN:495,transferTokenTo
FNF:17
FNH:17
FNDA:15,constructor
FNDA:35,onPayment
FNDA:2,queryProjectProto
FNDA:4,queryPurchase
FNDA:17,declareProject
FNDA:24,finishMilestone
FNDA:12,finishProject
FNDA:10,refund
FNDA:9,cancelProject
FNDA:92,getStaticContent
FNDA:90,getDynamicContent
FNDA:66,updateDynamicContent
FNDA:2,getMilestones
FNDA:21,getMilestone
FNDA:16,updateMilestone
FNDA:38,addMilestone
FNDA:26,transferTokenTo
DA:50,15
DA:54,35
DA:55,35
DA:59,35
DA:64,33
DA:65,0
DA:67,33
DA:69,13
DA:70,1
DA:72,12
DA:73,1
DA:79,11
DA:80,11
DA:82,20
DA:83,1
DA:85,19
DA:92,1
DA:94,18
DA:95,1
DA:100,17
DA:101,17
DA:103,17
DA:104,17
DA:106,17
DA:107,17
DA:109,17
DA:110,17
DA:111,17
DA:113,28
DA:119,2
DA:120,2
DA:123,2
DA:125,2
DA:137,4
DA:143,17
DA:144,17
DA:147,17
DA:148,0
DA:150,17
DA:151,1
DA:153,16
DA:154,1
DA:158,15
DA:159,15
DA:160,1
DA:162,14
DA:163,0
DA:166,14
DA:167,14
DA:168,1
DA:170,13
DA:171,39
DA:172,39
DA:173,1
DA:175,38
DA:176,38
DA:177,38
DA:178,38
DA:187,12
DA:188,1
DA:190,11
DA:191,0
DA:196,11
DA:208,11
DA:213,11
DA:214,11
DA:222,24
DA:224,24
DA:225,2
DA:227,22
DA:230,22
DA:231,1
DA:233,21
DA:235,21
DA:236,21
DA:240,1
DA:242,20
DA:243,2
DA:245,18
DA:246,0
DA:248,18
DA:249,1
DA:252,17
DA:253,1
DA:255,16
DA:256,16
DA:257,16
DA:258,16
DA:259,16
DA:261,16
DA:263,16
DA:264,3
DA:268,16
DA:269,16
DA:270,16
DA:273,16
DA:280,3
DA:285,12
DA:286,12
DA:289,12
DA:290,4
DA:294,8
DA:302,1
DA:306,7
DA:307,7
DA:308,7
DA:311,7
DA:313,7
DA:314,7
DA:318,7
DA:321,5
DA:322,5
DA:323,10
DA:324,10
DA:327,10
DA:330,10
DA:332,10
DA:333,10
DA:338,7
DA:339,7
DA:341,7
DA:345,10
DA:346,10
DA:349,10
DA:350,3
DA:352,7
DA:359,1
DA:362,6
DA:363,6
DA:364,2
DA:368,4
DA:370,4
DA:378,2
DA:380,2
DA:381,2
DA:382,2
DA:385,2
DA:386,2
DA:387,2
DA:390,4
DA:395,9
DA:396,9
DA:397,9
DA:400,9
DA:403,9
DA:404,3
DA:407,6
DA:411,2
DA:418,1
DA:421,1
DA:426,1
DA:427,1
DA:428,2
DA:429,2
DA:432,2
DA:433,2
DA:437,1
DA:440,4
DA:442,4
DA:450,92
DA:456,90
DA:463,66
DA:469,2
DA:476,21
DA:477,21
DA:485,16
DA:492,38
DA:496,26
DA:497,26
DA:498,0
LF:170
LH:164
BRDA:64,1,0,0
BRDA:64,1,1,33
BRDA:67,2,0,13
BRDA:67,2,1,20
BRDA:69,3,0,1
BRDA:69,3,1,12
BRDA:72,4,0,1
BRDA:72,4,1,11
BRDA:82,5,0,1
BRDA:82,5,1,19
BRDA:85,6,0,1
BRDA:85,6,1,18
BRDA:94,7,0,1
BRDA:94,7,1,17
BRDA:104,8,0,17
BRDA:104,8,1,0
BRDA:147,9,0,0
BRDA:147,9,1,17
BRDA:150,10,0,1
BRDA:150,10,1,16
BRDA:153,11,0,1
BRDA:153,11,1,15
BRDA:159,12,0,1
BRDA:159,12,1,14
BRDA:162,13,0,0
BRDA:162,13,1,14
BRDA:167,14,0,1
BRDA:167,14,1,13
BRDA:172,15,0,1
BRDA:172,15,1,38
BRDA:187,16,0,1
BRDA:187,16,1,11
BRDA:190,17,0,0
BRDA:190,17,1,11
BRDA:224,18,0,2
BRDA:224,18,1,22
BRDA:230,19,0,1
BRDA:230,19,1,21
BRDA:236,20,0,1
BRDA:236,20,1,20
BRDA:242,21,0,2
BRDA:242,21,1,18
BRDA:245,22,0,0
BRDA:245,22,1,18
BRDA:248,23,0,1
BRDA:248,23,1,17
BRDA:252,24,0,1
BRDA:252,24,1,16
BRDA:259,25,0,16
BRDA:259,25,1,0
BRDA:263,26,0,3
BRDA:263,26,1,13
BRDA:273,27,0,3
BRDA:273,27,1,13
BRDA:289,28,0,4
BRDA:289,28,1,8
BRDA:294,29,0,1
BRDA:294,29,1,7
BRDA:318,30,0,5
BRDA:318,30,1,2
BRDA:338,31,0,7
BRDA:338,31,1,0
BRDA:349,32,0,3
BRDA:349,32,1,7
BRDA:352,33,0,1
BRDA:352,33,1,6
BRDA:363,34,0,2
BRDA:363,34,1,4
BRDA:370,35,0,2
BRDA:370,35,1,2
BRDA:403,36,0,3
BRDA:403,36,1,6
BRDA:407,37,0,3
BRDA:407,37,1,3
BRDA:409,38,0,2
BRDA:409,38,1,1
BRDA:411,39,0,1
BRDA:411,39,1,1
BRDA:497,40,0,0
BRDA:497,40,1,26
BRF:80
BRH:71
end_of_record
TN:
SF:C:\Users\Adelakun john\Desktop\Projects\alchemy\toju\backend\contracts\TojuLibrary.sol
FN:14,createDynamicContent
FN:38,partialRefund
FN:62,fullRefund
FN:86,createStaticContent
FN:115,getTotalStake
FN:126,isThresholdExpired
FN:136,isLastExpired
FN:148,checkIfReadyToFinish
FN:166,checkIfThresholdMet
FN:184,createPojo
FN:246,createProjectMilestone
FN:262,isFinished
FN:271,isExpired
FNF:13
FNH:13
FNDA:11,createDynamicContent
FNDA:2,partialRefund
FNDA:2,fullRefund
FNDA:11,createStaticContent
FNDA:21,getTotalStake
FNDA:4,isThresholdExpired
FNDA:42,isLastExpired
FNDA:45,checkIfReadyToFinish
FNDA:7,checkIfThresholdMet
FNDA:2,createPojo
FNDA:38,createProjectMilestone
FNDA:18,isFinished
FNDA:18,isExpired
DA:17,11
DA:29,11
DA:43,2
DA:45,2
DA:49,2
DA:51,2
DA:53,2
DA:54,2
DA:55,2
DA:67,2
DA:69,2
DA:70,2
DA:71,2
DA:98,11
DA:118,21
DA:130,4
DA:140,42
DA:153,45
DA:154,0
DA:156,45
DA:171,7
DA:172,0
DA:174,7
DA:190,2
DA:208,2
DA:209,1
DA:210,1
DA:212,1
DA:213,1
DA:220,0
DA:228,0
DA:230,1
DA:233,0
DA:234,0
DA:236,0
DA:237,0
DA:251,38
DA:265,18
DA:275,18
LF:39
LH:31
BRDA:153,1,0,0
BRDA:153,1,1,45
BRDA:157,2,0,3
BRDA:157,2,1,3
BRDA:171,3,0,0
BRDA:171,3,1,7
BRDA:175,4,0,3
BRDA:175,4,1,0
BRDA:208,5,0,1
BRDA:208,5,1,1
BRDA:211,6,0,1
BRDA:211,6,1,0
BRDA:213,7,0,0
BRDA:213,7,1,1
BRDA:221,8,0,0
BRDA:221,8,1,1
BRDA:232,9,0,0
BRDA:232,9,1,0
BRF:18
BRH:10
end_of_record
TN:
SF:C:\Users\Adelakun john\Desktop\Projects\alchemy\toju\backend\contracts\TojuToken.sol
FN:10,constructor
FN:14,mint
FN:20,withdrawTokens
FN:31,
FNF:4
FNH:3
FNDA:16,constructor
FNDA:70,mint
FNDA:1,withdrawTokens
FNDA:0,
DA:11,16
DA:15,70
DA:16,69
DA:17,68
DA:21,1
DA:24,1
DA:28,0
LF:7
LH:6
BRDA:15,1,0,69
BRDA:15,1,1,1
BRDA:16,2,0,68
BRDA:16,2,1,1
BRDA:20,3,0,1
BRDA:20,3,1,1
BRDA:24,4,0,1
BRDA:24,4,1,0
BRF:8
BRH:7
end_of_record
